This file contains any messages produced by compilers while
running configure, to aid debugging if configure makes a mistake.

It was created by configure, which was
generated by GNU Autoconf 2.69.  Invocation command line was

  $ ./configure 

## --------- ##
## Platform. ##
## --------- ##

hostname = LAPTOP-N0E6U869
uname -m = i686
uname -r = 3.3.3(0.341/5/3)
uname -s = CYGWIN_NT-10.0-WOW
uname -v = 2021-12-03 16:31

/usr/bin/uname -p = unknown
/bin/uname -X     = unknown

/bin/arch              = i686
/usr/bin/arch -k       = unknown
/usr/convex/getsysinfo = unknown
/usr/bin/hostinfo      = unknown
/bin/machine           = unknown
/usr/bin/oslevel       = unknown
/bin/universe          = unknown

PATH: /usr/local/bin
PATH: /usr/bin
PATH: /cygdrive/c/Program Files/Eclipse Foundation/jdk-8.0.302.8-hotspot/bin
PATH: /cygdrive/c/Program Files (x86)/Razer Chroma SDK/bin
PATH: /cygdrive/c/Program Files/Razer Chroma SDK/bin
PATH: /cygdrive/c/Program Files (x86)/Razer/ChromaBroadcast/bin
PATH: /cygdrive/c/Program Files/Razer/ChromaBroadcast/bin
PATH: /cygdrive/c/Program Files (x86)/Common Files/Oracle/Java/javapath
PATH: /cygdrive/c/Program Files (x86)/Intel/iCLS Client
PATH: /cygdrive/c/Program Files/Intel/iCLS Client
PATH: /cygdrive/c/Windows/system32
PATH: /cygdrive/c/Windows
PATH: /cygdrive/c/Windows/System32/Wbem
PATH: /cygdrive/c/Windows/System32/WindowsPowerShell/v1.0
PATH: /cygdrive/c/Windows/System32/OpenSSH
PATH: /cygdrive/c/Program Files (x86)/Intel/Intel(R) Management Engine Components/DAL
PATH: /cygdrive/c/Program Files/Intel/Intel(R) Management Engine Components/DAL
PATH: /cygdrive/c/Program Files (x86)/Intel/Intel(R) Management Engine Components/IPT
PATH: /cygdrive/c/Program Files/Intel/Intel(R) Management Engine Components/IPT
PATH: /cygdrive/c/Program Files (x86)/NVIDIA Corporation/PhysX/Common
PATH: /cygdrive/c/Program Files/Intel/WiFi/bin
PATH: /cygdrive/c/Program Files/Common Files/Intel/WirelessCommon
PATH: /cygdrive/c/WINDOWS/system32
PATH: /cygdrive/c/WINDOWS
PATH: /cygdrive/c/WINDOWS/System32/Wbem
PATH: /cygdrive/c/WINDOWS/System32/WindowsPowerShell/v1.0
PATH: /cygdrive/c/WINDOWS/System32/OpenSSH
PATH: /cygdrive/c/WINDOWS/system32/config/systemprofile/AppData/Local/Microsoft/WindowsApps
PATH: /cygdrive/c/Program Files/CMake/bin
PATH: %SystemRoot%/system32
PATH: %SystemRoot%
PATH: %SystemRoot%/System32/Wbem
PATH: %SYSTEMROOT%/System32/WindowsPowerShell/v1.0
PATH: %SYSTEMROOT%/System32/OpenSSH
PATH: /cygdrive/c/Users/fabri/AppData/Local/Microsoft/WindowsApps
PATH: /cygdrive/c/cc65-snapshot-win32/bin
PATH: /cygdrive/c/z88dk/bin
PATH: /cygdrive/c/Users/fabri/AppData/Local/Programs/MiKTeX 2.9/miktex/bin/x64
PATH: /cygdrive/c/Retro/basicv2/dist
PATH: /cygdrive/c/Retro/basicv2/src/main/java/com/sixtyfour/cbmnative/shell
PATH: /cygdrive/c/Retro/basicv2/src/main/java
PATH: /cygdrive/c/Retro/kickc_0.8/kickc/bin
PATH: /cygdrive/c/Retro/kickc_0.8/kickc/jar
PATH: /cygdrive/c/Users/fabri/AppData/Local/Programs/FS-UAE/Launcher/Windows/x86-64
PATH: /cygdrive/c/Users/fabri/AppData/Local/Programs/FS-UAE/FS-UAE/Windows/x86-64
PATH: /cygdrive/c/Retro/vbcc_win_x64/vbcc/bin
PATH: /cygdrive/c/Users/fabri/AppData/Local/Programs/Microsoft VS Code/bin
PATH: /cygdrive/c/vclib/SDL2-2.0.20/lib/x64
PATH: .
PATH: /opt/cc68/bin
PATH: /opt/cross-mint/bin
PATH: /cygdrive/c/Users/fabri/AppData/Local/Programs/FS-UAE/Launcher/Windows/x86-64
PATH: /opt/gcc4ti/bin
PATH: /opt/amiga/bin
PATH: /cygdrive/c/lcc42/bin/


## ----------- ##
## Core tests. ##
## ----------- ##

configure:2248: checking for g++
configure:2264: found /usr/bin/g++
configure:2275: result: g++
configure:2302: checking for C++ compiler version
configure:2311: g++ --version >&5
g++ (GCC) 11.2.0
Copyright (C) 2021 Free Software Foundation, Inc.
This is free software; see the source for copying conditions.  There is NO
warranty; not even for MERCHANTABILITY or FITNESS FOR A PARTICULAR PURPOSE.

configure:2322: $? = 0
configure:2311: g++ -v >&5
Using built-in specs.
COLLECT_GCC=g++
COLLECT_LTO_WRAPPER=/usr/lib/gcc/i686-pc-cygwin/11/lto-wrapper.exe
Target: i686-pc-cygwin
Configured with: /mnt/share/cygpkgs/gcc/gcc.x86/src/gcc-11.2.0/configure --srcdir=/mnt/share/cygpkgs/gcc/gcc.x86/src/gcc-11.2.0 --prefix=/usr --exec-prefix=/usr --localstatedir=/var --sysconfdir=/etc --docdir=/usr/share/doc/gcc --htmldir=/usr/share/doc/gcc/html -C --build=i686-pc-cygwin --host=i686-pc-cygwin --target=i686-pc-cygwin --without-libiconv-prefix --without-libintl-prefix --libexecdir=/usr/lib --with-gcc-major-version-only --enable-shared --enable-shared-libgcc --enable-static --enable-version-specific-runtime-libs --enable-bootstrap --enable-__cxa_atexit --with-dwarf2 --with-arch=i686 --with-tune=generic --disable-sjlj-exceptions --disable-bootstrap --enable-languages=c,c++,fortran,lto,objc,obj-c++,jit --enable-graphite --enable-threads=posix --enable-libatomic --enable-libgomp --enable-libquadmath --enable-libquadmath-support --disable-libssp --enable-libada --disable-symvers --with-gnu-ld --with-gnu-as --with-cloog-include=/usr/include/cloog-isl --without-libiconv-prefix --without-libintl-prefix --with-system-zlib --enable-linker-build-id --with-default-libstdcxx-abi=gcc4-compatible --enable-libstdcxx-filesystem-ts
Thread model: posix
Supported LTO compression algorithms: zlib zstd
gcc version 11.2.0 (GCC) 
configure:2322: $? = 0
configure:2311: g++ -V >&5
g++: error: unrecognized command-line option '-V'
g++: fatal error: no input files
compilation terminated.
configure:2322: $? = 1
configure:2311: g++ -qversion >&5
g++: error: unrecognized command-line option '-qversion'; did you mean '--version'?
g++: fatal error: no input files
compilation terminated.
configure:2322: $? = 1
configure:2342: checking whether the C++ compiler works
configure:2364: g++    conftest.cpp  >&5
configure:2368: $? = 0
configure:2416: result: yes
configure:2419: checking for C++ compiler default output file name
configure:2421: result: a.exe
configure:2427: checking for suffix of executables
configure:2434: g++ -o conftest.exe    conftest.cpp  >&5
configure:2438: $? = 0
configure:2460: result: .exe
configure:2482: checking whether we are cross compiling
configure:2490: g++ -o conftest.exe    conftest.cpp  >&5
configure:2494: $? = 0
configure:2501: ./conftest.exe
configure:2505: $? = 0
configure:2520: result: no
configure:2525: checking for suffix of object files
configure:2547: g++ -c   conftest.cpp >&5
configure:2551: $? = 0
configure:2572: result: o
configure:2576: checking whether we are using the GNU C++ compiler
configure:2595: g++ -c   conftest.cpp >&5
configure:2595: $? = 0
configure:2604: result: yes
configure:2613: checking whether g++ accepts -g
configure:2633: g++ -c -g  conftest.cpp >&5
configure:2633: $? = 0
configure:2674: result: yes
configure:2745: checking for gcc
configure:2761: found /usr/bin/gcc
configure:2772: result: gcc
configure:3001: checking for C compiler version
configure:3010: gcc --version >&5
gcc (GCC) 11.2.0
Copyright (C) 2021 Free Software Foundation, Inc.
This is free software; see the source for copying conditions.  There is NO
warranty; not even for MERCHANTABILITY or FITNESS FOR A PARTICULAR PURPOSE.

configure:3021: $? = 0
configure:3010: gcc -v >&5
Using built-in specs.
COLLECT_GCC=gcc
COLLECT_LTO_WRAPPER=/usr/lib/gcc/i686-pc-cygwin/11/lto-wrapper.exe
Target: i686-pc-cygwin
Configured with: /mnt/share/cygpkgs/gcc/gcc.x86/src/gcc-11.2.0/configure --srcdir=/mnt/share/cygpkgs/gcc/gcc.x86/src/gcc-11.2.0 --prefix=/usr --exec-prefix=/usr --localstatedir=/var --sysconfdir=/etc --docdir=/usr/share/doc/gcc --htmldir=/usr/share/doc/gcc/html -C --build=i686-pc-cygwin --host=i686-pc-cygwin --target=i686-pc-cygwin --without-libiconv-prefix --without-libintl-prefix --libexecdir=/usr/lib --with-gcc-major-version-only --enable-shared --enable-shared-libgcc --enable-static --enable-version-specific-runtime-libs --enable-bootstrap --enable-__cxa_atexit --with-dwarf2 --with-arch=i686 --with-tune=generic --disable-sjlj-exceptions --disable-bootstrap --enable-languages=c,c++,fortran,lto,objc,obj-c++,jit --enable-graphite --enable-threads=posix --enable-libatomic --enable-libgomp --enable-libquadmath --enable-libquadmath-support --disable-libssp --enable-libada --disable-symvers --with-gnu-ld --with-gnu-as --with-cloog-include=/usr/include/cloog-isl --without-libiconv-prefix --without-libintl-prefix --with-system-zlib --enable-linker-build-id --with-default-libstdcxx-abi=gcc4-compatible --enable-libstdcxx-filesystem-ts
Thread model: posix
Supported LTO compression algorithms: zlib zstd
gcc version 11.2.0 (GCC) 
configure:3021: $? = 0
configure:3010: gcc -V >&5
gcc: error: unrecognized command-line option '-V'
gcc: fatal error: no input files
compilation terminated.
configure:3021: $? = 1
configure:3010: gcc -qversion >&5
gcc: error: unrecognized command-line option '-qversion'; did you mean '--version'?
gcc: fatal error: no input files
compilation terminated.
configure:3021: $? = 1
configure:3025: checking whether we are using the GNU C compiler
configure:3044: gcc -c   conftest.c >&5
configure:3044: $? = 0
configure:3053: result: yes
configure:3062: checking whether gcc accepts -g
configure:3082: gcc -c -g  conftest.c >&5
configure:3082: $? = 0
configure:3123: result: yes
configure:3140: checking for gcc option to accept ISO C89
configure:3203: gcc  -c -g -O2  conftest.c >&5
configure:3203: $? = 0
configure:3216: result: none needed
configure:3241: checking how to run the C preprocessor
configure:3272: gcc -E  conftest.c
configure:3272: $? = 0
configure:3286: gcc -E  conftest.c
conftest.c:9:10: fatal error: ac_nonexistent.h: No such file or directory
    9 | #include <ac_nonexistent.h>
      |          ^~~~~~~~~~~~~~~~~~
compilation terminated.
configure:3286: $? = 1
configure: failed program was:
| /* confdefs.h */
| #define PACKAGE_NAME ""
| #define PACKAGE_TARNAME ""
| #define PACKAGE_VERSION ""
| #define PACKAGE_STRING ""
| #define PACKAGE_BUGREPORT ""
| #define PACKAGE_URL ""
| /* end confdefs.h.  */
| #include <ac_nonexistent.h>
configure:3311: result: gcc -E
configure:3331: gcc -E  conftest.c
configure:3331: $? = 0
configure:3345: gcc -E  conftest.c
conftest.c:9:10: fatal error: ac_nonexistent.h: No such file or directory
    9 | #include <ac_nonexistent.h>
      |          ^~~~~~~~~~~~~~~~~~
compilation terminated.
configure:3345: $? = 1
configure: failed program was:
| /* confdefs.h */
| #define PACKAGE_NAME ""
| #define PACKAGE_TARNAME ""
| #define PACKAGE_VERSION ""
| #define PACKAGE_STRING ""
| #define PACKAGE_BUGREPORT ""
| #define PACKAGE_URL ""
| /* end confdefs.h.  */
| #include <ac_nonexistent.h>
configure:3385: checking how to run the C++ preprocessor
configure:3412: g++ -E  conftest.cpp
configure:3412: $? = 0
configure:3426: g++ -E  conftest.cpp
conftest.cpp:9:10: fatal error: ac_nonexistent.h: No such file or directory
    9 | #include <ac_nonexistent.h>
      |          ^~~~~~~~~~~~~~~~~~
compilation terminated.
configure:3426: $? = 1
configure: failed program was:
| /* confdefs.h */
| #define PACKAGE_NAME ""
| #define PACKAGE_TARNAME ""
| #define PACKAGE_VERSION ""
| #define PACKAGE_STRING ""
| #define PACKAGE_BUGREPORT ""
| #define PACKAGE_URL ""
| /* end confdefs.h.  */
| #include <ac_nonexistent.h>
configure:3451: result: g++ -E
configure:3471: g++ -E  conftest.cpp
configure:3471: $? = 0
configure:3485: g++ -E  conftest.cpp
conftest.cpp:9:10: fatal error: ac_nonexistent.h: No such file or directory
    9 | #include <ac_nonexistent.h>
      |          ^~~~~~~~~~~~~~~~~~
compilation terminated.
configure:3485: $? = 1
configure: failed program was:
| /* confdefs.h */
| #define PACKAGE_NAME ""
| #define PACKAGE_TARNAME ""
| #define PACKAGE_VERSION ""
| #define PACKAGE_STRING ""
| #define PACKAGE_BUGREPORT ""
| #define PACKAGE_URL ""
| /* end confdefs.h.  */
| #include <ac_nonexistent.h>
configure:3514: checking for grep that handles long lines and -e
configure:3572: result: /usr/bin/grep
configure:3577: checking for egrep
configure:3639: result: /usr/bin/grep -E
configure:3644: checking for ANSI C header files
configure:3664: g++ -c -g -O2  conftest.cpp >&5
configure:3664: $? = 0
configure:3737: g++ -o conftest.exe -g -O2   conftest.cpp  >&5
configure:3737: $? = 0
configure:3737: ./conftest.exe
configure:3737: $? = 0
configure:3748: result: yes
configure:3761: checking for sys/types.h
configure:3761: g++ -c -g -O2  conftest.cpp >&5
configure:3761: $? = 0
configure:3761: result: yes
configure:3761: checking for sys/stat.h
configure:3761: g++ -c -g -O2  conftest.cpp >&5
configure:3761: $? = 0
configure:3761: result: yes
configure:3761: checking for stdlib.h
configure:3761: g++ -c -g -O2  conftest.cpp >&5
configure:3761: $? = 0
configure:3761: result: yes
configure:3761: checking for string.h
configure:3761: g++ -c -g -O2  conftest.cpp >&5
configure:3761: $? = 0
configure:3761: result: yes
configure:3761: checking for memory.h
configure:3761: g++ -c -g -O2  conftest.cpp >&5
configure:3761: $? = 0
configure:3761: result: yes
configure:3761: checking for strings.h
configure:3761: g++ -c -g -O2  conftest.cpp >&5
configure:3761: $? = 0
configure:3761: result: yes
configure:3761: checking for inttypes.h
configure:3761: g++ -c -g -O2  conftest.cpp >&5
configure:3761: $? = 0
configure:3761: result: yes
configure:3761: checking for stdint.h
configure:3761: g++ -c -g -O2  conftest.cpp >&5
configure:3761: $? = 0
configure:3761: result: yes
configure:3761: checking for unistd.h
configure:3761: g++ -c -g -O2  conftest.cpp >&5
configure:3761: $? = 0
configure:3761: result: yes
configure:3774: checking minix/config.h usability
configure:3774: g++ -c -g -O2  conftest.cpp >&5
conftest.cpp:52:10: fatal error: minix/config.h: No such file or directory
   52 | #include <minix/config.h>
      |          ^~~~~~~~~~~~~~~~
compilation terminated.
configure:3774: $? = 1
configure: failed program was:
| /* confdefs.h */
| #define PACKAGE_NAME ""
| #define PACKAGE_TARNAME ""
| #define PACKAGE_VERSION ""
| #define PACKAGE_STRING ""
| #define PACKAGE_BUGREPORT ""
| #define PACKAGE_URL ""
| #define STDC_HEADERS 1
| #define HAVE_SYS_TYPES_H 1
| #define HAVE_SYS_STAT_H 1
| #define HAVE_STDLIB_H 1
| #define HAVE_STRING_H 1
| #define HAVE_MEMORY_H 1
| #define HAVE_STRINGS_H 1
| #define HAVE_INTTYPES_H 1
| #define HAVE_STDINT_H 1
| #define HAVE_UNISTD_H 1
| /* end confdefs.h.  */
| #include <stdio.h>
| #ifdef HAVE_SYS_TYPES_H
| # include <sys/types.h>
| #endif
| #ifdef HAVE_SYS_STAT_H
| # include <sys/stat.h>
| #endif
| #ifdef STDC_HEADERS
| # include <stdlib.h>
| # include <stddef.h>
| #else
| # ifdef HAVE_STDLIB_H
| #  include <stdlib.h>
| # endif
| #endif
| #ifdef HAVE_STRING_H
| # if !defined STDC_HEADERS && defined HAVE_MEMORY_H
| #  include <memory.h>
| # endif
| # include <string.h>
| #endif
| #ifdef HAVE_STRINGS_H
| # include <strings.h>
| #endif
| #ifdef HAVE_INTTYPES_H
| # include <inttypes.h>
| #endif
| #ifdef HAVE_STDINT_H
| # include <stdint.h>
| #endif
| #ifdef HAVE_UNISTD_H
| # include <unistd.h>
| #endif
| #include <minix/config.h>
configure:3774: result: no
configure:3774: checking minix/config.h presence
configure:3774: g++ -E  conftest.cpp
conftest.cpp:19:10: fatal error: minix/config.h: No such file or directory
   19 | #include <minix/config.h>
      |          ^~~~~~~~~~~~~~~~
compilation terminated.
configure:3774: $? = 1
configure: failed program was:
| /* confdefs.h */
| #define PACKAGE_NAME ""
| #define PACKAGE_TARNAME ""
| #define PACKAGE_VERSION ""
| #define PACKAGE_STRING ""
| #define PACKAGE_BUGREPORT ""
| #define PACKAGE_URL ""
| #define STDC_HEADERS 1
| #define HAVE_SYS_TYPES_H 1
| #define HAVE_SYS_STAT_H 1
| #define HAVE_STDLIB_H 1
| #define HAVE_STRING_H 1
| #define HAVE_MEMORY_H 1
| #define HAVE_STRINGS_H 1
| #define HAVE_INTTYPES_H 1
| #define HAVE_STDINT_H 1
| #define HAVE_UNISTD_H 1
| /* end confdefs.h.  */
| #include <minix/config.h>
configure:3774: result: no
configure:3774: checking for minix/config.h
configure:3774: result: no
configure:3795: checking whether it is safe to define __EXTENSIONS__
configure:3813: g++ -c -g -O2  conftest.cpp >&5
configure:3813: $? = 0
configure:3820: result: yes
configure:3878: checking for a BSD-compatible install
configure:3946: result: /usr/bin/install -c
configure:3961: checking for bison
configure:3977: found /usr/bin/bison
configure:3988: result: bison -y
configure:4043: checking for ranlib
configure:4059: found /usr/bin/ranlib
configure:4070: result: ranlib
configure:4096: checking for groff
configure:4112: found /usr/bin/groff
configure:4123: result: groff
configure:4138: checking for gsoelim
configure:4168: result: no
configure:4138: checking for soelim
configure:4154: found /usr/bin/soelim
configure:4165: result: soelim
configure:4179: checking for snprintf
configure:4179: g++ -o conftest.exe -g -O2   conftest.cpp  >&5
conftest.cpp:47:6: warning: declaration of 'char snprintf()' conflicts with built-in declaration 'int snprintf(char*, unsigned int, const char*, ...)' [-Wbuiltin-declaration-mismatch]
   47 | char snprintf ();
      |      ^~~~~~~~
configure:4179: $? = 0
configure:4179: result: yes
configure:4179: checking for vsnprintf
configure:4179: g++ -o conftest.exe -g -O2   conftest.cpp  >&5
conftest.cpp:48:6: warning: declaration of 'char vsnprintf()' conflicts with built-in declaration 'int vsnprintf(char*, unsigned int, const char*, char*)' [-Wbuiltin-declaration-mismatch]
   48 | char vsnprintf ();
      |      ^~~~~~~~~
configure:4179: $? = 0
configure:4179: result: yes
configure:4189: checking for main in -lgpg-error
configure:4208: g++ -o conftest.exe -g -O2   conftest.cpp -lgpg-error   >&5
/usr/lib/gcc/i686-pc-cygwin/11/../../../../i686-pc-cygwin/bin/ld: cannot find -lgpg-error
collect2: error: ld returned 1 exit status
configure:4208: $? = 1
configure: failed program was:
| /* confdefs.h */
| #define PACKAGE_NAME ""
| #define PACKAGE_TARNAME ""
| #define PACKAGE_VERSION ""
| #define PACKAGE_STRING ""
| #define PACKAGE_BUGREPORT ""
| #define PACKAGE_URL ""
| #define STDC_HEADERS 1
| #define HAVE_SYS_TYPES_H 1
| #define HAVE_SYS_STAT_H 1
| #define HAVE_STDLIB_H 1
| #define HAVE_STRING_H 1
| #define HAVE_MEMORY_H 1
| #define HAVE_STRINGS_H 1
| #define HAVE_INTTYPES_H 1
| #define HAVE_STDINT_H 1
| #define HAVE_UNISTD_H 1
| #define __EXTENSIONS__ 1
| #define _ALL_SOURCE 1
| #define _GNU_SOURCE 1
| #define _POSIX_PTHREAD_SEMANTICS 1
| #define _TANDEM_SOURCE 1
| #define HAVE_SNPRINTF 1
| #define HAVE_VSNPRINTF 1
| /* end confdefs.h.  */
| 
| 
| int
| main ()
| {
| return main ();
|   ;
|   return 0;
| }
configure:4217: result: no
configure:4231: checking if gcc accepts -Wall
configure:4246: g++ -o conftest.exe -g -O2   conftest.cpp  >&5
configure:4246: $? = 0
configure:4247: result: yes
configure:4257: checking if gcc accepts -Wextra
configure:4272: g++ -o conftest.exe -g -O2   conftest.cpp  >&5
configure:4272: $? = 0
configure:4273: result: yes
configure:4283: checking if gcc accepts -Wl,--as-needed
configure:4298: g++ -o conftest.exe -g -O2   conftest.cpp  >&5
configure:4298: $? = 0
configure:4299: result: yes
configure:4312: checking boost/shared_ptr.hpp usability
configure:4312: g++ -c -g -O2  conftest.cpp >&5
conftest.cpp:59:10: fatal error: boost/shared_ptr.hpp: No such file or directory
   59 | #include <boost/shared_ptr.hpp>
      |          ^~~~~~~~~~~~~~~~~~~~~~
compilation terminated.
configure:4312: $? = 1
configure: failed program was:
| /* confdefs.h */
| #define PACKAGE_NAME ""
| #define PACKAGE_TARNAME ""
| #define PACKAGE_VERSION ""
| #define PACKAGE_STRING ""
| #define PACKAGE_BUGREPORT ""
| #define PACKAGE_URL ""
| #define STDC_HEADERS 1
| #define HAVE_SYS_TYPES_H 1
| #define HAVE_SYS_STAT_H 1
| #define HAVE_STDLIB_H 1
| #define HAVE_STRING_H 1
| #define HAVE_MEMORY_H 1
| #define HAVE_STRINGS_H 1
| #define HAVE_INTTYPES_H 1
| #define HAVE_STDINT_H 1
| #define HAVE_UNISTD_H 1
| #define __EXTENSIONS__ 1
| #define _ALL_SOURCE 1
| #define _GNU_SOURCE 1
| #define _POSIX_PTHREAD_SEMANTICS 1
| #define _TANDEM_SOURCE 1
| #define HAVE_SNPRINTF 1
| #define HAVE_VSNPRINTF 1
| /* end confdefs.h.  */
| #include <stdio.h>
| #ifdef HAVE_SYS_TYPES_H
| # include <sys/types.h>
| #endif
| #ifdef HAVE_SYS_STAT_H
| # include <sys/stat.h>
| #endif
| #ifdef STDC_HEADERS
| # include <stdlib.h>
| # include <stddef.h>
| #else
| # ifdef HAVE_STDLIB_H
| #  include <stdlib.h>
| # endif
| #endif
| #ifdef HAVE_STRING_H
| # if !defined STDC_HEADERS && defined HAVE_MEMORY_H
| #  include <memory.h>
| # endif
| # include <string.h>
| #endif
| #ifdef HAVE_STRINGS_H
| # include <strings.h>
| #endif
| #ifdef HAVE_INTTYPES_H
| # include <inttypes.h>
| #endif
| #ifdef HAVE_STDINT_H
| # include <stdint.h>
| #endif
| #ifdef HAVE_UNISTD_H
| # include <unistd.h>
| #endif
| #include <boost/shared_ptr.hpp>
configure:4312: result: no
configure:4312: checking boost/shared_ptr.hpp presence
configure:4312: g++ -E  conftest.cpp
conftest.cpp:26:10: fatal error: boost/shared_ptr.hpp: No such file or directory
   26 | #include <boost/shared_ptr.hpp>
      |          ^~~~~~~~~~~~~~~~~~~~~~
compilation terminated.
configure:4312: $? = 1
configure: failed program was:
| /* confdefs.h */
| #define PACKAGE_NAME ""
| #define PACKAGE_TARNAME ""
| #define PACKAGE_VERSION ""
| #define PACKAGE_STRING ""
| #define PACKAGE_BUGREPORT ""
| #define PACKAGE_URL ""
| #define STDC_HEADERS 1
| #define HAVE_SYS_TYPES_H 1
| #define HAVE_SYS_STAT_H 1
| #define HAVE_STDLIB_H 1
| #define HAVE_STRING_H 1
| #define HAVE_MEMORY_H 1
| #define HAVE_STRINGS_H 1
| #define HAVE_INTTYPES_H 1
| #define HAVE_STDINT_H 1
| #define HAVE_UNISTD_H 1
| #define __EXTENSIONS__ 1
| #define _ALL_SOURCE 1
| #define _GNU_SOURCE 1
| #define _POSIX_PTHREAD_SEMANTICS 1
| #define _TANDEM_SOURCE 1
| #define HAVE_SNPRINTF 1
| #define HAVE_VSNPRINTF 1
| /* end confdefs.h.  */
| #include <boost/shared_ptr.hpp>
configure:4312: result: no
configure:4312: checking for boost/shared_ptr.hpp
configure:4312: result: no
configure:4326: result:
        You need to install the Boost C++ library to be able to compile SRecord.
        http://boost.org/
configure:4357: result:
        If you have a package based system, the package you need to
        install will be called libboost-devel or something similar.
      

## ---------------- ##
## Cache variables. ##
## ---------------- ##

ac_cv_c_compiler_gnu=yes
ac_cv_cxx_compiler_gnu=yes
ac_cv_env_CCC_set=
ac_cv_env_CCC_value=
ac_cv_env_CC_set=
ac_cv_env_CC_value=
ac_cv_env_CFLAGS_set=
ac_cv_env_CFLAGS_value=
ac_cv_env_CPPFLAGS_set=
ac_cv_env_CPPFLAGS_value=
ac_cv_env_CPP_set=
ac_cv_env_CPP_value=
ac_cv_env_CXXCPP_set=
ac_cv_env_CXXCPP_value=
ac_cv_env_CXXFLAGS_set=
ac_cv_env_CXXFLAGS_value=
ac_cv_env_CXX_set=
ac_cv_env_CXX_value=
ac_cv_env_LDFLAGS_set=
ac_cv_env_LDFLAGS_value=
ac_cv_env_LIBS_set=
ac_cv_env_LIBS_value=
ac_cv_env_YACC_set=
ac_cv_env_YACC_value=
ac_cv_env_YFLAGS_set=
ac_cv_env_YFLAGS_value=
ac_cv_env_build_alias_set=
ac_cv_env_build_alias_value=
ac_cv_env_host_alias_set=
ac_cv_env_host_alias_value=
ac_cv_env_target_alias_set=
ac_cv_env_target_alias_value=
ac_cv_exeext=.exe
ac_cv_func_snprintf=yes
ac_cv_func_vsnprintf=yes
ac_cv_header_boost_shared_ptr_hpp=no
ac_cv_header_inttypes_h=yes
ac_cv_header_memory_h=yes
ac_cv_header_minix_config_h=no
ac_cv_header_stdc=yes
ac_cv_header_stdint_h=yes
ac_cv_header_stdlib_h=yes
ac_cv_header_string_h=yes
ac_cv_header_strings_h=yes
ac_cv_header_sys_stat_h=yes
ac_cv_header_sys_types_h=yes
ac_cv_header_unistd_h=yes
ac_cv_lib_gpg_error_main=no
ac_cv_objext=o
ac_cv_path_EGREP='/usr/bin/grep -E'
ac_cv_path_GREP=/usr/bin/grep
ac_cv_path_install='/usr/bin/install -c'
ac_cv_prog_CPP='gcc -E'
ac_cv_prog_CXXCPP='g++ -E'
ac_cv_prog_GROFF=groff
ac_cv_prog_SOELIM=soelim
ac_cv_prog_YACC='bison -y'
ac_cv_prog_ac_ct_CC=gcc
ac_cv_prog_ac_ct_CXX=g++
ac_cv_prog_ac_ct_RANLIB=ranlib
ac_cv_prog_cc_c89=
ac_cv_prog_cc_g=yes
ac_cv_prog_cxx_g=yes
ac_cv_safe_to_define___extensions__=yes

## ----------------- ##
## Output variables. ##
## ----------------- ##

CC='gcc'
CFLAGS='-g -O2 -Wall -Wextra -Wl,--as-needed'
CPP='gcc -E'
CPPFLAGS=''
CXX='g++'
CXXCPP='g++ -E'
CXXFLAGS='-g -O2'
DEFS=''
ECHO_C=''
ECHO_N='-n'
ECHO_T=''
EGREP='/usr/bin/grep -E'
EXEEXT='.exe'
GREP='/usr/bin/grep'
GROFF='groff'
HAVE_GROFF=''
INSTALL_DATA='${INSTALL} -m 644'
INSTALL_PROGRAM='${INSTALL}'
INSTALL_SCRIPT='${INSTALL}'
LDFLAGS=''
LIBOBJS=''
LIBS=''
LIBTOOL=''
LTLIBOBJS=''
OBJEXT='o'
PACKAGE_BUGREPORT=''
PACKAGE_NAME=''
PACKAGE_STRING=''
PACKAGE_TARNAME=''
PACKAGE_URL=''
PACKAGE_VERSION=''
PATH_SEPARATOR=':'
RANLIB='ranlib'
SH=''
SHELL='/bin/sh'
SOELIM='soelim'
YACC='bison -y'
YFLAGS=''
ac_ct_CC='gcc'
ac_ct_CXX='g++'
bindir='${exec_prefix}/bin'
build_alias=''
datadir='${datarootdir}'
datarootdir='${prefix}/share'
docdir='${datarootdir}/doc/${PACKAGE}'
dvidir='${docdir}'
exec_prefix='NONE'
host_alias=''
htmldir='${docdir}'
includedir='${prefix}/include'
infodir='${datarootdir}/info'
libdir='${exec_prefix}/lib'
libexecdir='${exec_prefix}/libexec'
localedir='${datarootdir}/locale'
localstatedir='${prefix}/var'
mandir='${datarootdir}/man'
oldincludedir='/usr/include'
pdfdir='${docdir}'
prefix='NONE'
program_transform_name='s,x,x,'
psdir='${docdir}'
sbindir='${exec_prefix}/sbin'
sharedstatedir='${prefix}/com'
sysconfdir='${prefix}/etc'
target_alias=''

## ----------- ##
## confdefs.h. ##
## ----------- ##

/* confdefs.h */
#define PACKAGE_NAME ""
#define PACKAGE_TARNAME ""
#define PACKAGE_VERSION ""
#define PACKAGE_STRING ""
#define PACKAGE_BUGREPORT ""
#define PACKAGE_URL ""
#define STDC_HEADERS 1
#define HAVE_SYS_TYPES_H 1
#define HAVE_SYS_STAT_H 1
#define HAVE_STDLIB_H 1
#define HAVE_STRING_H 1
#define HAVE_MEMORY_H 1
#define HAVE_STRINGS_H 1
#define HAVE_INTTYPES_H 1
#define HAVE_STDINT_H 1
#define HAVE_UNISTD_H 1
#define __EXTENSIONS__ 1
#define _ALL_SOURCE 1
#define _GNU_SOURCE 1
#define _POSIX_PTHREAD_SEMANTICS 1
#define _TANDEM_SOURCE 1
#define HAVE_SNPRINTF 1
#define HAVE_VSNPRINTF 1

configure: exit 1
